
9월 27, 2020 16:55:40.69 NEW SESSION
9월 27, 2020 16:55:40.69 [57704:55464:0927/165540.687:ERROR:connection_factory_impl.cc(428)] Failed to connect to MCS endpoint with error -106

10월 07, 2020 17:03:32.97 NEW SESSION
10월 07, 2020 17:03:32.97 [9332:18152:1007/170332.965:ERROR:socket_stream.cc(219)] Closing stream with result -2
10월 07, 2020 17:03:33.26 [9332:18152:1007/170333.259:ERROR:connection_factory_impl.cc(428)] Failed to connect to MCS endpoint with error -105
10월 07, 2020 17:03:35.71 [9332:18152:1007/170335.710:ERROR:connection_factory_impl.cc(428)] Failed to connect to MCS endpoint with error -106
10월 07, 2020 17:04:24.14 [9332:18152:1007/170424.143:ERROR:connection_factory_impl.cc(428)] Failed to connect to MCS endpoint with error -106

11월 03, 2020 21:09:03.38 NEW SESSION
11월 03, 2020 21:09:03.38 [1103/210903.370:ERROR:directory_reader_win.cc(43)] FindFirstFile: 지정된 경로를 찾을 수 없습니다. (0x3)
11월 04, 2020 13:30:20.76 [1104/133020.714:ERROR:directory_reader_win.cc(43)] FindFirstFile: 지정된 경로를 찾을 수 없습니다. (0x3)

11월 06, 2020 18:02:47.69 NEW SESSION
11월 06, 2020 18:02:47.69 [1528:14256:1106/180247.692:ERROR:connection_factory_impl.cc(428)] Failed to connect to MCS endpoint with error -105
11월 06, 2020 18:03:25.31 [1528:14256:1106/180325.312:ERROR:connection_factory_impl.cc(428)] Failed to connect to MCS endpoint with error -105
11월 06, 2020 18:19:41.66 [1106/181941.666:ERROR:directory_reader_win.cc(43)] FindFirstFile: 지정된 경로를 찾을 수 없습니다. (0x3)
11월 06, 2020 18:36:22.84 [1106/183622.845:ERROR:directory_reader_win.cc(43)] FindFirstFile: 지정된 경로를 찾을 수 없습니다. (0x3)
11월 06, 2020 19:17:03.82 [12956:10532:1106/191703.823:ERROR:connection_factory_impl.cc(428)] Failed to connect to MCS endpoint with error -106

11월 09, 2020 01:48:31.95 NEW SESSION
11월 09, 2020 01:48:31.95 [1109/014831.940:ERROR:directory_reader_win.cc(43)] FindFirstFile: 지정된 경로를 찾을 수 없습니다. (0x3)
11월 09, 2020 01:59:33.13 [1109/015933.134:ERROR:directory_reader_win.cc(43)] FindFirstFile: 지정된 경로를 찾을 수 없습니다. (0x3)
11월 09, 2020 02:28:08.97 [1109/022808.973:ERROR:directory_reader_win.cc(43)] FindFirstFile: 지정된 경로를 찾을 수 없습니다. (0x3)
11월 09, 2020 02:31:08.80 [15256:3856:1109/023108.800:ERROR:connection_factory_impl.cc(428)] Failed to connect to MCS endpoint with error -105
11월 09, 2020 02:53:17.96 [1109/025317.965:ERROR:directory_reader_win.cc(43)] FindFirstFile: 지정된 경로를 찾을 수 없습니다. (0x3)
11월 09, 2020 03:15:53.81 [8240:10092:1109/031553.818:ERROR:CONSOLE(0)] "TypeError: Cannot read property 'isAnonymousInlineStyleSheet' of null", source:  (0)
11월 09, 2020 04:04:58.41 [8240:17756:1109/040458.409:ERROR:socket_stream.cc(219)] Closing stream with result -2
11월 09, 2020 04:50:40.51 [8240:17756:1109/045040.515:ERROR:socket_stream.cc(219)] Closing stream with result -2
11월 09, 2020 08:59:22.61 [8240:17756:1109/085922.609:ERROR:connection_factory_impl.cc(428)] Failed to connect to MCS endpoint with error -106
11월 09, 2020 08:59:25.54 [8240:8168:1109/085925.547:ERROR:get_updates_processor.cc(257)] PostClientToServerMessage() failed during GetUpdates with error 2
11월 09, 2020 08:59:51.07 [8240:17756:1109/085951.077:ERROR:connection_factory_impl.cc(428)] Failed to connect to MCS endpoint with error -106
11월 09, 2020 08:59:59.81 [8240:17756:1109/085959.810:ERROR:connection_factory_impl.cc(428)] Failed to connect to MCS endpoint with error -105
11월 09, 2020 08:59:59.81 [8240:10384:1109/085959.812:ERROR:get_updates_processor.cc(257)] PostClientToServerMessage() failed during GetUpdates with error 2
11월 09, 2020 09:00:17.79 [8240:17756:1109/090017.792:ERROR:connection_factory_impl.cc(428)] Failed to connect to MCS endpoint with error -105
11월 09, 2020 09:00:17.79 [8240:16808:1109/090017.795:ERROR:get_updates_processor.cc(257)] PostClientToServerMessage() failed during GetUpdates with error 2
11월 09, 2020 09:00:25.78 [8240:17756:1109/090025.780:ERROR:connection_factory_impl.cc(428)] Failed to connect to MCS endpoint with error -106
11월 09, 2020 09:00:40.56 [8240:8168:1109/090040.561:ERROR:get_updates_processor.cc(257)] PostClientToServerMessage() failed during GetUpdates with error 2
11월 09, 2020 09:01:08.72 [8240:17756:1109/090108.727:ERROR:connection_factory_impl.cc(428)] Failed to connect to MCS endpoint with error -105
11월 09, 2020 09:01:08.72 [8240:17452:1109/090108.729:ERROR:get_updates_processor.cc(257)] PostClientToServerMessage() failed during GetUpdates with error 2
11월 09, 2020 09:11:23.40 [8240:17756:1109/091123.407:ERROR:connection_factory_impl.cc(428)] Failed to connect to MCS endpoint with error -106
11월 09, 2020 09:11:44.30 [8240:17756:1109/091144.305:ERROR:connection_factory_impl.cc(428)] Failed to connect to MCS endpoint with error -106

11월 10, 2020 17:31:57.76 NEW SESSION
11월 10, 2020 17:31:57.77 [1110/173157.767:ERROR:directory_reader_win.cc(43)] FindFirstFile: 지정된 경로를 찾을 수 없습니다. (0x3)
11월 10, 2020 18:27:27.12 [1110/182727.120:ERROR:directory_reader_win.cc(43)] FindFirstFile: 지정된 경로를 찾을 수 없습니다. (0x3)

11월 15, 2020 23:19:54.24 NEW SESSION
11월 15, 2020 23:19:54.24 [1115/231954.234:ERROR:directory_reader_win.cc(43)] FindFirstFile: 지정된 경로를 찾을 수 없습니다. (0x3)

11월 21, 2020 14:12:12.41 NEW SESSION
11월 21, 2020 14:12:12.41 [1121/141212.409:ERROR:directory_reader_win.cc(43)] FindFirstFile: 지정된 경로를 찾을 수 없습니다. (0x3)

3월 15, 2021 22:54:49.52 NEW SESSION
3월 15, 2021 22:54:49.52 [18476:30024:0315/225449.515:ERROR:device_event_log_impl.cc(214)] [22:54:49.515] USB: usb_device_handle_win.cc:1056 Failed to read descriptor from node connection: 시스템에 부착된 장치가 작동하지 않습니다. (0x1F)

3월 17, 2021 24:19:21.93 NEW SESSION
3월 17, 2021 24:19:21.93 [24812:31508:0317/001921.931:ERROR:device_event_log_impl.cc(214)] [00:19:21.931] USB: usb_device_handle_win.cc:1056 Failed to read descriptor from node connection: 시스템에 부착된 장치가 작동하지 않습니다. (0x1F)
3월 17, 2021 24:21:48.25 [28744:30184:0317/002148.258:ERROR:device_event_log_impl.cc(214)] [00:21:48.258] USB: usb_device_handle_win.cc:1056 Failed to read descriptor from node connection: 시스템에 부착된 장치가 작동하지 않습니다. (0x1F)
